<?xml version="1.0" encoding="UTF-8"?>
<testng-results ignored="1" total="2" passed="1" failed="0" skipped="0">
  <reporter-output>
  </reporter-output>
  <suite started-at="2024-01-02T12:26:57 IST" name="Default suite" finished-at="2024-01-02T12:27:09 IST" duration-ms="12503">
    <groups>
    </groups>
    <test started-at="2024-01-02T12:26:57 IST" name="Default test" finished-at="2024-01-02T12:27:09 IST" duration-ms="12503">
      <class name="javapractice.senarieo">
        <test-method signature="youtubesong()[pri:0, instance:javapractice.senarieo@4145bad8]" started-at="2024-01-02T12:26:57 IST" name="youtubesong" finished-at="2024-01-02T12:27:09 IST" duration-ms="12427" status="PASS">
          <reporter-output>
          </reporter-output>
        </test-method> <!-- youtubesong -->
      </class> <!-- javapractice.senarieo -->
    </test> <!-- Default test -->
  </suite> <!-- Default suite -->
</testng-results>
